<?xml version="1.0" encoding="UTF-8"?>
<!-- Generated by org.testng.reporters.JUnitReportReporter -->
<testsuite hostname="IN-D3HJ0F3" failures="0" tests="6" name="Runner.RunnerTest" time="126.823" errors="6" timestamp="2023-03-04T15:51:29 IST" skipped="0">
  <testcase classname="Runner.RunnerTest" name="runScenario" time="24.447">
    <error type="java.lang.NullPointerException">
      <![CDATA[java.lang.NullPointerException
at Pages.AnimationPage.verify_Animation_actions(AnimationPage.java:26)
at StepDefinitions.AnimationStep.api_demos_app_is_launched(AnimationStep.java:31)
at ✽.Api Demos app is launched and animation option is visible(file:///C:/Users/amankhan/eclipse-workspace/Com.ExitTest.Assignment/src/test/java/Features/Animation.feature:4)
]]>
    </error>
  </testcase> <!-- runScenario -->
  <system-out/>
  <testcase classname="Runner.RunnerTest" name="runScenario" time="20.396">
    <error type="java.lang.NullPointerException">
      <![CDATA[java.lang.NullPointerException
at Pages.AccessibilityPage.verify_ApiDemo_actions(AccessibilityPage.java:33)
at StepDefinitions.AccessibilityStep.api_demos_app_is_launched(AccessibilityStep.java:33)
at ✽.Api Demos app is launched(file:///C:/Users/amankhan/eclipse-workspace/Com.ExitTest.Assignment/src/test/java/Features/accessibility_appOption.feature:4)
]]>
    </error>
  </testcase> <!-- runScenario -->
  <system-out/>
  <testcase classname="Runner.RunnerTest" name="runScenario" time="20.285">
    <error type="java.lang.NullPointerException">
      <![CDATA[java.lang.NullPointerException
at Pages.AccessibilityPage.verify_ApiDemo_actions(AccessibilityPage.java:33)
at StepDefinitions.AccessibilityStep.api_demos_app_is_launched(AccessibilityStep.java:33)
at ✽.Api Demos app is launched(file:///C:/Users/amankhan/eclipse-workspace/Com.ExitTest.Assignment/src/test/java/Features/logTextbox.feature:4)
]]>
    </error>
  </testcase> <!-- runScenario -->
  <system-out/>
  <testcase classname="Runner.RunnerTest" name="runScenario" time="20.358">
    <error type="java.lang.NullPointerException">
      <![CDATA[java.lang.NullPointerException
at Pages.AccessibilityPage.verify_ApiDemo_actions(AccessibilityPage.java:33)
at StepDefinitions.AccessibilityStep.api_demos_app_is_launched(AccessibilityStep.java:33)
at ✽.Api Demos app is launched(file:///C:/Users/amankhan/eclipse-workspace/Com.ExitTest.Assignment/src/test/java/Features/accessibility_appOption.feature:4)
]]>
    </error>
  </testcase> <!-- runScenario -->
  <system-out/>
  <testcase classname="Runner.RunnerTest" name="runScenario" time="20.899">
    <error type="java.lang.NullPointerException">
      <![CDATA[java.lang.NullPointerException
at Pages.AnimationPage.verify_Animation_actions(AnimationPage.java:26)
at StepDefinitions.AnimationStep.api_demos_app_is_launched(AnimationStep.java:31)
at ✽.Api Demos app is launched and animation option is visible(file:///C:/Users/amankhan/eclipse-workspace/Com.ExitTest.Assignment/src/test/java/Features/Animation.feature:4)
]]>
    </error>
  </testcase> <!-- runScenario -->
  <system-out/>
  <testcase classname="Runner.RunnerTest" name="runScenario" time="20.438">
    <error type="java.lang.NullPointerException">
      <![CDATA[java.lang.NullPointerException
at Pages.AccessibilityPage.verify_ApiDemo_actions(AccessibilityPage.java:33)
at StepDefinitions.AccessibilityStep.api_demos_app_is_launched(AccessibilityStep.java:33)
at ✽.Api Demos app is launched(file:///C:/Users/amankhan/eclipse-workspace/Com.ExitTest.Assignment/src/test/java/Features/accessibility_appOption.feature:4)
]]>
    </error>
  </testcase> <!-- runScenario -->
  <system-out/>
</testsuite> <!-- Runner.RunnerTest -->
