<?xml version="1.0" encoding="UTF-8"?>
<!-- Generated by org.testng.reporters.JUnitReportReporter -->
<testsuite hostname="IN-D3HJ0F3" failures="0" tests="6" name="Runner.RunnerTest" time="94.601" errors="0" timestamp="2023-03-04T00:02:28 IST" skipped="0">
  <testcase classname="Runner.RunnerTest" name="runScenario" time="14.768"/>
  <system-out/>
  <testcase classname="Runner.RunnerTest" name="runScenario" time="18.627"/>
  <system-out/>
  <testcase classname="Runner.RunnerTest" name="runScenario" time="15.337"/>
  <system-out/>
  <testcase classname="Runner.RunnerTest" name="runScenario" time="17.007"/>
  <system-out/>
  <testcase classname="Runner.RunnerTest" name="runScenario" time="12.589"/>
  <system-out/>
  <testcase classname="Runner.RunnerTest" name="runScenario" time="16.273"/>
  <system-out/>
</testsuite> <!-- Runner.RunnerTest -->
